TN:
SF:src\app.js
FN:18,(anonymous_0)
FN:42,(anonymous_1)
FN:44,(anonymous_2)
FN:52,(anonymous_3)
FN:67,(anonymous_4)
FNF:5
FNH:5
FNDA:33,(anonymous_0)
FNDA:33,(anonymous_1)
FNDA:33,(anonymous_2)
FNDA:1,(anonymous_3)
FNDA:1,(anonymous_4)
DA:11,3
DA:14,3
DA:17,3
DA:20,33
DA:22,0
DA:23,0
DA:26,0
DA:32,3
DA:35,3
DA:38,3
DA:39,3
DA:42,3
DA:43,33
DA:44,33
DA:45,33
DA:46,33
DA:48,33
DA:52,3
DA:53,1
DA:62,3
DA:63,3
DA:64,3
DA:67,3
DA:68,1
DA:75,3
LF:25
LH:22
BRDA:20,0,0,33
BRDA:20,0,1,0
BRDA:22,1,0,0
BRDA:22,1,1,0
BRDA:22,2,0,0
BRDA:22,2,1,0
BRF:6
BRH:1
end_of_record
TN:
SF:src\config\env.js
FN:20,(anonymous_0)
FNF:1
FNH:1
FNDA:18,(anonymous_0)
DA:7,6
DA:20,18
LF:2
LH:2
BRDA:8,0,0,6
BRDA:8,0,1,0
BRDA:10,1,0,6
BRDA:10,1,1,0
BRDA:13,2,0,6
BRDA:13,2,1,0
BRDA:16,3,0,6
BRDA:16,3,1,6
BRDA:19,4,0,6
BRDA:19,4,1,0
BRDA:29,5,0,6
BRDA:29,5,1,0
BRDA:30,6,0,6
BRDA:30,6,1,0
BRDA:31,7,0,6
BRDA:31,7,1,0
BRF:16
BRH:9
end_of_record
TN:
SF:src\middleware\authenticate.js
FN:13,authenticate
FNF:1
FNH:1
FNDA:24,authenticate
DA:14,24
DA:15,24
DA:18,24
DA:19,10
DA:25,14
DA:27,14
DA:28,1
DA:36,13
DA:37,13
DA:40,3
DA:41,3
DA:42,1
DA:43,2
DA:44,1
DA:48,3
DA:51,10
DA:52,0
DA:59,10
DA:66,10
DA:69,0
LF:20
LH:18
BRDA:18,0,0,10
BRDA:18,0,1,14
BRDA:18,1,0,24
BRDA:18,1,1,15
BRDA:27,2,0,1
BRDA:27,2,1,13
BRDA:41,3,0,1
BRDA:41,3,1,2
BRDA:43,4,0,1
BRDA:43,4,1,1
BRDA:51,5,0,0
BRDA:51,5,1,10
BRDA:61,6,0,10
BRDA:61,6,1,0
BRF:14
BRH:12
end_of_record
TN:
SF:src\middleware\error-handler.js
FN:6,errorHandler
FN:17,(anonymous_1)
FNF:2
FNH:2
FNDA:15,errorHandler
FNDA:2,(anonymous_1)
DA:7,15
DA:8,1
DA:12,14
DA:15,14
DA:16,1
DA:17,2
DA:18,1
DA:25,13
DA:26,5
DA:33,8
DA:34,8
DA:36,8
LF:12
LH:12
BRDA:7,0,0,1
BRDA:7,0,1,14
BRDA:12,1,0,14
BRDA:12,1,1,0
BRDA:15,2,0,1
BRDA:15,2,1,13
BRDA:15,3,0,14
BRDA:15,3,1,13
BRDA:16,4,0,1
BRDA:16,4,1,0
BRDA:16,4,2,0
BRDA:20,5,0,1
BRDA:20,5,1,0
BRDA:25,6,0,5
BRDA:25,6,1,8
BRDA:25,7,0,13
BRDA:25,7,1,10
BRDA:25,7,2,9
BRDA:33,8,0,6
BRDA:33,8,1,2
BRDA:38,9,0,1
BRDA:38,9,1,7
BRDA:38,10,0,8
BRDA:38,10,1,2
BRDA:40,11,0,7
BRDA:40,11,1,0
BRF:26
BRH:21
end_of_record
TN:
SF:src\middleware\rate-limit.js
FNF:0
FNH:0
DA:6,3
DA:20,3
LF:2
LH:2
BRF:0
BRH:0
end_of_record
TN:
SF:src\routes\auth.routes.js
FN:15,(anonymous_0)
FN:30,(anonymous_1)
FN:45,(anonymous_2)
FN:60,(anonymous_3)
FN:75,(anonymous_4)
FN:90,(anonymous_5)
FN:105,(anonymous_6)
FN:120,(anonymous_7)
FNF:8
FNH:8
FNDA:2,(anonymous_0)
FNDA:1,(anonymous_1)
FNDA:1,(anonymous_2)
FNDA:1,(anonymous_3)
FNDA:1,(anonymous_4)
FNDA:1,(anonymous_5)
FNDA:1,(anonymous_6)
FNDA:1,(anonymous_7)
DA:6,3
DA:9,3
DA:15,3
DA:16,2
DA:17,2
DA:18,1
DA:20,1
DA:23,3
DA:24,3
DA:30,3
DA:31,1
DA:32,1
DA:33,1
DA:35,0
DA:38,3
DA:39,3
DA:45,3
DA:46,1
DA:47,1
DA:48,1
DA:50,0
DA:53,3
DA:54,3
DA:60,3
DA:61,1
DA:62,1
DA:63,1
DA:65,0
DA:68,3
DA:69,3
DA:75,3
DA:76,1
DA:77,1
DA:78,1
DA:80,0
DA:83,3
DA:84,3
DA:90,3
DA:91,1
DA:92,1
DA:93,1
DA:95,0
DA:98,3
DA:99,3
DA:105,3
DA:106,1
DA:107,1
DA:108,1
DA:110,0
DA:113,3
DA:114,3
DA:120,3
DA:121,1
DA:122,1
DA:123,1
DA:125,0
DA:128,3
DA:129,3
LF:58
LH:51
BRF:0
BRH:0
end_of_record
TN:
SF:src\routes\health.routes.js
FN:11,(anonymous_0)
FN:25,(anonymous_1)
FN:48,(anonymous_2)
FN:71,(anonymous_3)
FNF:4
FNH:4
FNDA:1,(anonymous_0)
FNDA:2,(anonymous_1)
FNDA:2,(anonymous_2)
FNDA:2,(anonymous_3)
DA:5,3
DA:11,3
DA:12,1
DA:25,3
DA:26,2
DA:27,2
DA:28,1
DA:33,1
DA:48,3
DA:49,2
DA:50,2
DA:51,1
DA:56,1
DA:71,3
DA:72,2
DA:78,2
DA:83,2
DA:88,2
DA:93,2
LF:19
LH:19
BRDA:78,0,0,2
BRDA:78,0,1,0
BRDA:83,1,0,1
BRDA:83,1,1,1
BRDA:88,2,0,2
BRDA:88,2,1,2
BRDA:88,2,2,2
BRDA:88,2,3,1
BRDA:93,3,0,1
BRDA:93,3,1,1
BRDA:95,4,0,1
BRDA:95,4,1,1
BRF:12
BRH:11
end_of_record
TN:
SF:src\routes\registration.routes.js
FN:10,handleRegister
FN:22,handleGetByConfirmation
FN:37,handleGetById
FNF:3
FNH:3
FNDA:4,handleRegister
FNDA:2,handleGetByConfirmation
FNDA:1,handleGetById
DA:4,3
DA:11,4
DA:12,4
DA:13,3
DA:15,1
DA:23,2
DA:24,2
DA:28,2
DA:30,0
DA:38,1
DA:39,1
DA:40,1
DA:42,0
DA:47,3
DA:48,3
DA:49,3
DA:52,3
DA:53,3
DA:54,3
LF:19
LH:17
BRF:0
BRH:0
end_of_record
TN:
SF:src\services\auth-client.js
FN:11,(anonymous_0)
FN:20,(anonymous_1)
FN:29,(anonymous_2)
FN:38,(anonymous_3)
FN:47,(anonymous_4)
FN:56,(anonymous_5)
FN:65,(anonymous_6)
FN:74,(anonymous_7)
FN:83,(anonymous_8)
FNF:9
FNH:9
FNDA:1,(anonymous_0)
FNDA:1,(anonymous_1)
FNDA:1,(anonymous_2)
FNDA:1,(anonymous_3)
FNDA:1,(anonymous_4)
FNDA:1,(anonymous_5)
FNDA:1,(anonymous_6)
FNDA:1,(anonymous_7)
FNDA:1,(anonymous_8)
DA:7,3
DA:12,1
DA:13,1
DA:21,1
DA:22,1
DA:30,1
DA:31,1
DA:39,1
DA:40,1
DA:48,1
DA:49,1
DA:57,1
DA:58,1
DA:66,1
DA:67,1
DA:75,1
DA:76,1
DA:84,1
DA:85,1
LF:19
LH:19
BRF:0
BRH:0
end_of_record
TN:
SF:src\services\registration-client.js
FN:11,(anonymous_0)
FN:20,(anonymous_1)
FN:29,(anonymous_2)
FN:38,(anonymous_3)
FNF:4
FNH:4
FNDA:1,(anonymous_0)
FNDA:1,(anonymous_1)
FNDA:1,(anonymous_2)
FNDA:1,(anonymous_3)
DA:7,3
DA:12,1
DA:13,1
DA:21,1
DA:22,1
DA:30,1
DA:31,1
DA:39,1
DA:40,1
LF:9
LH:9
BRF:0
BRH:0
end_of_record
TN:
SF:src\utils\proxy-request.js
FN:2,(anonymous_0)
FN:17,proxyRequest
FNF:2
FNH:2
FNDA:5,(anonymous_0)
FNDA:20,proxyRequest
DA:3,5
DA:4,5
DA:5,5
DA:18,20
DA:19,20
DA:25,20
DA:26,10
DA:27,10
DA:28,1
DA:31,20
DA:37,20
DA:38,8
DA:39,1
DA:40,7
DA:41,5
DA:45,20
DA:47,20
DA:48,20
DA:49,19
DA:52,19
DA:55,18
DA:56,18
DA:57,17
DA:59,1
DA:60,1
DA:63,18
DA:68,2
DA:69,2
LF:28
LH:28
BRDA:17,0,0,19
BRDA:18,1,0,20
BRDA:18,1,1,19
BRDA:21,2,0,20
BRDA:21,2,1,19
BRDA:25,3,0,10
BRDA:25,3,1,10
BRDA:27,4,0,1
BRDA:27,4,1,9
BRDA:37,5,0,8
BRDA:37,5,1,12
BRDA:38,6,0,1
BRDA:38,6,1,7
BRDA:39,7,0,0
BRDA:39,7,1,1
BRDA:40,8,0,5
BRDA:40,8,1,2
BRDA:40,9,0,7
BRDA:40,9,1,5
BRDA:56,10,0,17
BRDA:56,10,1,1
BRDA:56,11,0,18
BRDA:56,11,1,18
BRF:23
BRH:22
end_of_record
