TN:
SF:src\app.js
FN:16,(anonymous_0)
FN:52,(anonymous_1)
FN:65,(anonymous_2)
FNF:3
FNH:3
FNDA:22,(anonymous_0)
FNDA:1,(anonymous_1)
FNDA:1,(anonymous_2)
DA:9,2
DA:12,2
DA:15,2
DA:18,22
DA:20,0
DA:21,0
DA:24,0
DA:31,2
DA:34,2
DA:45,2
DA:48,2
DA:49,2
DA:52,2
DA:53,1
DA:62,2
DA:65,2
DA:66,1
DA:73,2
LF:18
LH:15
BRDA:18,0,0,22
BRDA:18,0,1,0
BRDA:20,1,0,0
BRDA:20,1,1,0
BRDA:20,2,0,0
BRDA:20,2,1,0
BRF:6
BRH:1
end_of_record
TN:
SF:src\config\database.js
FN:7,connectDB
FN:30,getDb
FN:40,setDb
FN:44,closeDB
FNF:4
FNH:2
FNDA:0,connectDB
FNDA:76,getDb
FNDA:62,setDb
FNDA:0,closeDB
DA:4,5
DA:5,5
DA:8,0
DA:9,0
DA:12,0
DA:20,0
DA:21,0
DA:24,0
DA:25,0
DA:27,0
DA:31,76
DA:32,0
DA:34,76
DA:41,62
DA:45,0
DA:46,0
DA:47,0
DA:48,0
DA:49,0
LF:19
LH:5
BRDA:8,0,0,0
BRDA:8,0,1,0
BRDA:31,1,0,0
BRDA:31,1,1,76
BRDA:45,2,0,0
BRDA:45,2,1,0
BRF:6
BRH:1
end_of_record
TN:
SF:src\config\env.js
FN:9,(anonymous_0)
FNF:1
FNH:1
FNDA:15,(anonymous_0)
DA:3,5
DA:9,15
DA:13,5
DA:14,0
LF:4
LH:3
BRDA:4,0,0,5
BRDA:4,0,1,0
BRDA:5,1,0,5
BRDA:5,1,1,0
BRDA:6,2,0,5
BRDA:6,2,1,0
BRDA:7,3,0,5
BRDA:7,3,1,0
BRDA:8,4,0,5
BRDA:8,4,1,0
BRDA:13,5,0,0
BRDA:13,5,1,5
BRF:12
BRH:6
end_of_record
TN:
SF:src\controllers\auth.controller.js
FN:7,healthCheck
FN:34,adminRegister
FN:53,sync
FN:72,getMe
FN:90,createStaff
FN:108,listStaff
FN:125,getStaff
FN:143,updateStaffStatus
FN:164,revokeStaff
FNF:9
FNH:9
FNDA:2,healthCheck
FNDA:1,adminRegister
FNDA:1,sync
FNDA:2,getMe
FNDA:1,createStaff
FNDA:1,listStaff
FNDA:1,getStaff
FNDA:1,updateStaffStatus
FNDA:1,revokeStaff
DA:8,2
DA:9,2
DA:10,2
DA:12,1
DA:20,1
DA:35,1
DA:36,1
DA:37,1
DA:39,1
DA:45,0
DA:54,1
DA:55,1
DA:56,1
DA:58,1
DA:64,0
DA:73,2
DA:74,2
DA:75,2
DA:77,2
DA:82,0
DA:91,1
DA:92,1
DA:94,1
DA:100,0
DA:109,1
DA:110,1
DA:112,1
DA:117,0
DA:126,1
DA:127,1
DA:128,1
DA:130,1
DA:135,0
DA:144,1
DA:145,1
DA:146,1
DA:148,1
DA:150,1
DA:156,0
DA:165,1
DA:166,1
DA:167,1
DA:169,1
DA:174,0
LF:44
LH:36
BRDA:152,0,0,0
BRDA:152,0,1,1
BRF:2
BRH:1
end_of_record
TN:
SF:src\database\user.db.js
FN:6,getCollection
FN:13,ensureIndexes
FN:32,findUserByFirebaseUid
FN:40,findUserByEmail
FN:51,findUserById
FN:64,createUser
FN:84,updateUserByFirebaseUid
FN:104,listStaff
FN:116,findStaffByFirebaseUid
FN:124,deleteUserByFirebaseUid
FNF:10
FNH:10
FNDA:74,getCollection
FNDA:1,ensureIndexes
FNDA:35,findUserByFirebaseUid
FNDA:10,findUserByEmail
FNDA:2,findUserById
FNDA:7,createUser
FNDA:6,updateUserByFirebaseUid
FNDA:3,listStaff
FNDA:11,findStaffByFirebaseUid
FNDA:1,deleteUserByFirebaseUid
DA:4,5
DA:7,74
DA:14,1
DA:16,1
DA:21,1
DA:26,1
DA:33,35
DA:34,34
DA:41,10
DA:42,10
DA:43,10
DA:52,2
DA:53,2
DA:54,2
DA:55,1
DA:57,1
DA:65,7
DA:66,7
DA:77,7
DA:78,5
DA:85,6
DA:87,6
DA:92,6
DA:98,6
DA:105,3
DA:110,3
DA:117,11
DA:118,11
DA:125,1
DA:126,1
LF:30
LH:30
BRDA:33,0,0,1
BRDA:33,0,1,34
BRDA:41,1,0,0
BRDA:41,1,1,10
BRDA:52,2,0,0
BRDA:52,2,1,2
BRDA:54,3,0,2
BRDA:54,3,1,0
BRDA:71,4,0,7
BRDA:71,4,1,1
BRDA:72,5,0,7
BRDA:72,5,1,7
BRDA:73,6,0,7
BRDA:73,6,1,7
BRDA:74,7,0,7
BRDA:74,7,1,7
BRDA:85,8,0,0
BRDA:85,8,1,6
BRDA:117,9,0,0
BRDA:117,9,1,11
BRDA:125,10,0,0
BRDA:125,10,1,1
BRF:22
BRH:16
end_of_record
TN:
SF:src\middleware\authenticate.js
FN:6,authenticate
FNF:1
FNH:1
FNDA:26,authenticate
DA:7,26
DA:8,26
DA:10,26
DA:11,4
DA:17,22
DA:19,22
DA:20,1
DA:27,21
DA:28,21
DA:30,3
DA:31,3
DA:32,1
DA:33,2
DA:34,1
DA:37,3
DA:43,18
DA:44,1
DA:51,17
DA:57,17
DA:59,0
LF:20
LH:19
BRDA:10,0,0,4
BRDA:10,0,1,22
BRDA:10,1,0,26
BRDA:10,1,1,23
BRDA:19,2,0,1
BRDA:19,2,1,21
BRDA:31,3,0,1
BRDA:31,3,1,2
BRDA:33,4,0,1
BRDA:33,4,1,1
BRDA:43,5,0,1
BRDA:43,5,1,17
BRDA:53,6,0,17
BRDA:53,6,1,0
BRF:14
BRH:13
end_of_record
TN:
SF:src\middleware\authorize.js
FN:7,authorize
FN:8,(anonymous_1)
FNF:2
FNH:2
FNDA:19,authorize
FNDA:20,(anonymous_1)
DA:8,19
DA:9,20
DA:10,20
DA:11,1
DA:17,19
DA:19,19
DA:20,1
DA:26,18
DA:27,2
DA:33,16
DA:34,5
DA:41,11
DA:43,11
DA:45,0
LF:14
LH:13
BRDA:10,0,0,1
BRDA:10,0,1,19
BRDA:19,1,0,1
BRDA:19,1,1,18
BRDA:26,2,0,2
BRDA:26,2,1,16
BRDA:33,3,0,5
BRDA:33,3,1,11
BRDA:33,4,0,16
BRDA:33,4,1,16
BRF:10
BRH:10
end_of_record
TN:
SF:src\middleware\error-handler.js
FN:6,errorHandler
FN:17,(anonymous_1)
FNF:2
FNH:2
FNDA:14,errorHandler
FNDA:4,(anonymous_1)
DA:8,14
DA:9,1
DA:12,13
DA:15,13
DA:16,3
DA:17,4
DA:18,3
DA:25,10
DA:26,2
DA:27,2
DA:34,8
DA:35,2
DA:37,1
DA:42,0
DA:47,1
DA:52,0
DA:57,0
DA:62,0
DA:70,6
DA:71,6
DA:73,6
LF:21
LH:17
BRDA:8,0,0,1
BRDA:8,0,1,13
BRDA:12,1,0,13
BRDA:12,1,1,0
BRDA:15,2,0,3
BRDA:15,2,1,10
BRDA:15,3,0,13
BRDA:15,3,1,10
BRDA:16,4,0,3
BRDA:16,4,1,0
BRDA:16,4,2,0
BRDA:20,5,0,3
BRDA:20,5,1,0
BRDA:25,6,0,2
BRDA:25,6,1,8
BRDA:26,7,0,2
BRDA:26,7,1,1
BRDA:26,8,0,2
BRDA:26,8,1,1
BRDA:34,9,0,2
BRDA:34,9,1,6
BRDA:35,10,0,1
BRDA:35,10,1,0
BRDA:35,10,2,1
BRDA:35,10,3,0
BRDA:35,10,4,0
BRDA:35,10,5,0
BRDA:64,11,0,0
BRDA:64,11,1,0
BRDA:70,12,0,4
BRDA:70,12,1,2
BRDA:75,13,0,1
BRDA:75,13,1,5
BRDA:75,14,0,6
BRDA:75,14,1,2
BRDA:77,15,0,5
BRDA:77,15,1,0
BRF:37
BRH:26
end_of_record
TN:
SF:src\routes\auth.routes.js
FNF:0
FNH:0
DA:12,2
DA:18,2
DA:25,2
DA:37,2
DA:48,2
DA:60,2
DA:73,2
DA:85,2
DA:97,2
DA:110,2
LF:10
LH:10
BRF:0
BRH:0
end_of_record
TN:
SF:src\services\auth.service.js
FN:7,formatUser
FN:25,registerAdmin
FN:68,syncUser
FN:94,getCurrentUser
FN:115,createStaff
FN:180,listStaff
FN:188,getStaff
FN:203,updateStaffStatus
FN:237,revokeStaffSessions
FNF:9
FNH:9
FNDA:17,formatUser
FNDA:5,registerAdmin
FNDA:4,syncUser
FNDA:5,getCurrentUser
FNDA:5,createStaff
FNDA:2,listStaff
FNDA:3,getStaff
FNDA:4,updateStaffStatus
FNDA:3,revokeStaffSessions
DA:8,17
DA:9,17
DA:27,5
DA:28,5
DA:29,1
DA:30,1
DA:31,1
DA:35,4
DA:36,4
DA:37,1
DA:38,1
DA:39,1
DA:42,3
DA:43,3
DA:52,2
DA:55,1
DA:56,1
DA:57,1
DA:59,0
DA:61,1
DA:69,4
DA:71,4
DA:72,1
DA:73,1
DA:74,1
DA:77,3
DA:78,1
DA:79,1
DA:80,1
DA:83,2
DA:84,2
DA:88,2
DA:95,5
DA:97,5
DA:98,1
DA:99,1
DA:100,1
DA:103,4
DA:104,1
DA:105,1
DA:106,1
DA:109,3
DA:116,5
DA:119,5
DA:120,5
DA:121,1
DA:122,1
DA:123,1
DA:127,4
DA:128,4
DA:129,1
DA:130,1
DA:131,1
DA:132,1
DA:136,4
DA:137,1
DA:143,3
DA:144,3
DA:150,0
DA:154,3
DA:155,3
DA:164,2
DA:167,1
DA:168,1
DA:169,1
DA:171,0
DA:173,1
DA:181,2
DA:182,2
DA:189,3
DA:191,3
DA:192,1
DA:193,1
DA:194,1
DA:197,2
DA:204,4
DA:206,4
DA:207,1
DA:208,1
DA:209,1
DA:213,3
DA:218,3
DA:219,2
DA:220,2
DA:222,0
DA:227,3
DA:231,3
DA:238,3
DA:240,3
DA:241,1
DA:242,1
DA:243,1
DA:246,2
DA:247,2
LF:94
LH:90
BRDA:8,0,0,0
BRDA:8,0,1,17
BRDA:10,1,0,17
BRDA:10,1,1,0
BRDA:28,2,0,1
BRDA:28,2,1,4
BRDA:36,3,0,1
BRDA:36,3,1,3
BRDA:71,4,0,1
BRDA:71,4,1,3
BRDA:77,5,0,1
BRDA:77,5,1,2
BRDA:88,6,0,2
BRDA:88,6,1,0
BRDA:97,7,0,1
BRDA:97,7,1,4
BRDA:103,8,0,1
BRDA:103,8,1,3
BRDA:120,9,0,1
BRDA:120,9,1,4
BRDA:129,10,0,1
BRDA:129,10,1,0
BRDA:136,11,0,1
BRDA:136,11,1,3
BRDA:191,12,0,1
BRDA:191,12,1,2
BRDA:206,13,0,1
BRDA:206,13,1,3
BRDA:218,14,0,2
BRDA:218,14,1,1
BRDA:231,15,0,3
BRDA:231,15,1,0
BRDA:240,16,0,1
BRDA:240,16,1,2
BRF:34
BRH:29
end_of_record
TN:
SF:src\validators\auth.validator.js
FN:56,validateBody
FN:57,(anonymous_1)
FNF:2
FNH:2
FNDA:6,validateBody
FNDA:5,(anonymous_1)
DA:7,3
DA:21,3
DA:44,3
DA:57,6
DA:58,5
DA:59,5
DA:60,3
DA:62,2
LF:8
LH:8
BRF:0
BRH:0
end_of_record
