{"C:\\Users\\Hello\\Desktop\\Retirement Party Guest ManagementSystem\\retirement-party-registration-service\\src\\app.js": {"path":"C:\\Users\\Hello\\Desktop\\Retirement Party Guest ManagementSystem\\retirement-party-registration-service\\src\\app.js","statementMap":{"0":{"start":{"line":6,"column":12},"end":{"line":6,"column":21}},"1":{"start":{"line":9,"column":0},"end":{"line":9,"column":16}},"2":{"start":{"line":12,"column":0},"end":{"line":12,"column":41}},"3":{"start":{"line":13,"column":0},"end":{"line":13,"column":64}},"4":{"start":{"line":16,"column":0},"end":{"line":25,"column":3}},"5":{"start":{"line":17,"column":16},"end":{"line":17,"column":26}},"6":{"start":{"line":18,"column":2},"end":{"line":23,"column":5}},"7":{"start":{"line":19,"column":21},"end":{"line":19,"column":39}},"8":{"start":{"line":20,"column":4},"end":{"line":22,"column":6}},"9":{"start":{"line":24,"column":2},"end":{"line":24,"column":9}},"10":{"start":{"line":28,"column":0},"end":{"line":35,"column":3}},"11":{"start":{"line":29,"column":2},"end":{"line":34,"column":5}},"12":{"start":{"line":38,"column":0},"end":{"line":38,"column":28}},"13":{"start":{"line":41,"column":0},"end":{"line":46,"column":3}},"14":{"start":{"line":42,"column":2},"end":{"line":45,"column":5}},"15":{"start":{"line":49,"column":0},"end":{"line":49,"column":22}}},"fnMap":{"0":{"name":"(anonymous_0)","decl":{"start":{"line":16,"column":8},"end":{"line":16,"column":9}},"loc":{"start":{"line":16,"column":28},"end":{"line":25,"column":1}},"line":16},"1":{"name":"(anonymous_1)","decl":{"start":{"line":18,"column":19},"end":{"line":18,"column":20}},"loc":{"start":{"line":18,"column":25},"end":{"line":23,"column":3}},"line":18},"2":{"name":"(anonymous_2)","decl":{"start":{"line":28,"column":13},"end":{"line":28,"column":14}},"loc":{"start":{"line":28,"column":27},"end":{"line":35,"column":1}},"line":28},"3":{"name":"(anonymous_3)","decl":{"start":{"line":41,"column":8},"end":{"line":41,"column":9}},"loc":{"start":{"line":41,"column":22},"end":{"line":46,"column":1}},"line":41}},"branchMap":{},"s":{"0":1,"1":1,"2":1,"3":1,"4":1,"5":13,"6":13,"7":13,"8":13,"9":13,"10":1,"11":0,"12":1,"13":1,"14":1,"15":1},"f":{"0":13,"1":13,"2":0,"3":1},"b":{},"inputSourceMap":null,"_coverageSchema":"1a1c01bbd47fc00a2c39e90264f33305004495a9","hash":"60cd987c3a1edf111927956330f97dd3e9f14c2b"}
,"C:\\Users\\Hello\\Desktop\\Retirement Party Guest ManagementSystem\\retirement-party-registration-service\\src\\config\\database.js": {"path":"C:\\Users\\Hello\\Desktop\\Retirement Party Guest ManagementSystem\\retirement-party-registration-service\\src\\config\\database.js","statementMap":{"0":{"start":{"line":4,"column":13},"end":{"line":4,"column":17}},"1":{"start":{"line":5,"column":9},"end":{"line":5,"column":13}},"2":{"start":{"line":11,"column":2},"end":{"line":11,"column":42}},"3":{"start":{"line":11,"column":20},"end":{"line":11,"column":42}},"4":{"start":{"line":13,"column":2},"end":{"line":19,"column":5}},"5":{"start":{"line":21,"column":2},"end":{"line":21,"column":25}},"6":{"start":{"line":22,"column":2},"end":{"line":22,"column":32}},"7":{"start":{"line":24,"column":2},"end":{"line":24,"column":24}},"8":{"start":{"line":32,"column":2},"end":{"line":34,"column":3}},"9":{"start":{"line":33,"column":4},"end":{"line":33,"column":73}},"10":{"start":{"line":35,"column":2},"end":{"line":35,"column":12}},"11":{"start":{"line":42,"column":2},"end":{"line":42,"column":18}},"12":{"start":{"line":49,"column":2},"end":{"line":53,"column":3}},"13":{"start":{"line":50,"column":4},"end":{"line":50,"column":25}},"14":{"start":{"line":51,"column":4},"end":{"line":51,"column":18}},"15":{"start":{"line":52,"column":4},"end":{"line":52,"column":14}}},"fnMap":{"0":{"name":"connectDB","decl":{"start":{"line":10,"column":22},"end":{"line":10,"column":31}},"loc":{"start":{"line":10,"column":34},"end":{"line":25,"column":1}},"line":10},"1":{"name":"getDb","decl":{"start":{"line":31,"column":16},"end":{"line":31,"column":21}},"loc":{"start":{"line":31,"column":24},"end":{"line":36,"column":1}},"line":31},"2":{"name":"setDb","decl":{"start":{"line":41,"column":16},"end":{"line":41,"column":21}},"loc":{"start":{"line":41,"column":34},"end":{"line":43,"column":1}},"line":41},"3":{"name":"closeDB","decl":{"start":{"line":48,"column":22},"end":{"line":48,"column":29}},"loc":{"start":{"line":48,"column":32},"end":{"line":54,"column":1}},"line":48}},"branchMap":{"0":{"loc":{"start":{"line":11,"column":2},"end":{"line":11,"column":42}},"type":"if","locations":[{"start":{"line":11,"column":2},"end":{"line":11,"column":42}},{"start":{},"end":{}}],"line":11},"1":{"loc":{"start":{"line":11,"column":6},"end":{"line":11,"column":18}},"type":"binary-expr","locations":[{"start":{"line":11,"column":6},"end":{"line":11,"column":12}},{"start":{"line":11,"column":16},"end":{"line":11,"column":18}}],"line":11},"2":{"loc":{"start":{"line":32,"column":2},"end":{"line":34,"column":3}},"type":"if","locations":[{"start":{"line":32,"column":2},"end":{"line":34,"column":3}},{"start":{},"end":{}}],"line":32},"3":{"loc":{"start":{"line":49,"column":2},"end":{"line":53,"column":3}},"type":"if","locations":[{"start":{"line":49,"column":2},"end":{"line":53,"column":3}},{"start":{},"end":{}}],"line":49}},"s":{"0":1,"1":1,"2":0,"3":0,"4":0,"5":0,"6":0,"7":0,"8":0,"9":0,"10":0,"11":0,"12":0,"13":0,"14":0,"15":0},"f":{"0":0,"1":0,"2":0,"3":0},"b":{"0":[0,0],"1":[0,0],"2":[0,0],"3":[0,0]},"inputSourceMap":null,"_coverageSchema":"1a1c01bbd47fc00a2c39e90264f33305004495a9","hash":"8452ad59d9c73b1f00767590c4b75fe1b7d10e88"}
,"C:\\Users\\Hello\\Desktop\\Retirement Party Guest ManagementSystem\\retirement-party-registration-service\\src\\controllers\\registration.controller.js": {"path":"C:\\Users\\Hello\\Desktop\\Retirement Party Guest ManagementSystem\\retirement-party-registration-service\\src\\controllers\\registration.controller.js","statementMap":{"0":{"start":{"line":9,"column":2},"end":{"line":19,"column":3}},"1":{"start":{"line":10,"column":18},"end":{"line":10,"column":67}},"2":{"start":{"line":12,"column":4},"end":{"line":16,"column":7}},"3":{"start":{"line":18,"column":4},"end":{"line":18,"column":16}},"4":{"start":{"line":26,"column":2},"end":{"line":45,"column":3}},"5":{"start":{"line":28,"column":19},"end":{"line":28,"column":70}},"6":{"start":{"line":29,"column":4},"end":{"line":35,"column":5}},"7":{"start":{"line":30,"column":6},"end":{"line":34,"column":9}},"8":{"start":{"line":33,"column":78},"end":{"line":33,"column":87}},"9":{"start":{"line":37,"column":18},"end":{"line":37,"column":104}},"10":{"start":{"line":39,"column":4},"end":{"line":42,"column":7}},"11":{"start":{"line":44,"column":4},"end":{"line":44,"column":16}},"12":{"start":{"line":52,"column":2},"end":{"line":69,"column":3}},"13":{"start":{"line":54,"column":4},"end":{"line":59,"column":5}},"14":{"start":{"line":55,"column":6},"end":{"line":58,"column":9}},"15":{"start":{"line":61,"column":18},"end":{"line":61,"column":71}},"16":{"start":{"line":63,"column":4},"end":{"line":66,"column":7}},"17":{"start":{"line":68,"column":4},"end":{"line":68,"column":16}},"18":{"start":{"line":76,"column":2},"end":{"line":81,"column":5}}},"fnMap":{"0":{"name":"register","decl":{"start":{"line":8,"column":22},"end":{"line":8,"column":30}},"loc":{"start":{"line":8,"column":47},"end":{"line":20,"column":1}},"line":8},"1":{"name":"getByConfirmationNumber","decl":{"start":{"line":25,"column":22},"end":{"line":25,"column":45}},"loc":{"start":{"line":25,"column":62},"end":{"line":46,"column":1}},"line":25},"2":{"name":"(anonymous_2)","decl":{"start":{"line":33,"column":71},"end":{"line":33,"column":72}},"loc":{"start":{"line":33,"column":78},"end":{"line":33,"column":87}},"line":33},"3":{"name":"getById","decl":{"start":{"line":51,"column":22},"end":{"line":51,"column":29}},"loc":{"start":{"line":51,"column":46},"end":{"line":70,"column":1}},"line":51},"4":{"name":"healthCheck","decl":{"start":{"line":75,"column":22},"end":{"line":75,"column":33}},"loc":{"start":{"line":75,"column":44},"end":{"line":82,"column":1}},"line":75}},"branchMap":{"0":{"loc":{"start":{"line":29,"column":4},"end":{"line":35,"column":5}},"type":"if","locations":[{"start":{"line":29,"column":4},"end":{"line":35,"column":5}},{"start":{},"end":{}}],"line":29},"1":{"loc":{"start":{"line":33,"column":17},"end":{"line":33,"column":65}},"type":"binary-expr","locations":[{"start":{"line":33,"column":17},"end":{"line":33,"column":36}},{"start":{"line":33,"column":40},"end":{"line":33,"column":59}},{"start":{"line":33,"column":63},"end":{"line":33,"column":65}}],"line":33},"2":{"loc":{"start":{"line":54,"column":4},"end":{"line":59,"column":5}},"type":"if","locations":[{"start":{"line":54,"column":4},"end":{"line":59,"column":5}},{"start":{},"end":{}}],"line":54}},"s":{"0":5,"1":5,"2":2,"3":3,"4":3,"5":3,"6":3,"7":1,"8":1,"9":2,"10":1,"11":1,"12":3,"13":3,"14":1,"15":2,"16":1,"17":1,"18":1},"f":{"0":5,"1":3,"2":1,"3":3,"4":1},"b":{"0":[1,2],"1":[1,0,0],"2":[1,2]},"inputSourceMap":null,"_coverageSchema":"1a1c01bbd47fc00a2c39e90264f33305004495a9","hash":"307dc810c25477a2a07045827071cf9b41727488"}
,"C:\\Users\\Hello\\Desktop\\Retirement Party Guest ManagementSystem\\retirement-party-registration-service\\src\\middleware\\error-handler.js": {"path":"C:\\Users\\Hello\\Desktop\\Retirement Party Guest ManagementSystem\\retirement-party-registration-service\\src\\middleware\\error-handler.js","statementMap":{"0":{"start":{"line":15,"column":2},"end":{"line":24,"column":3}},"1":{"start":{"line":16,"column":4},"end":{"line":23,"column":7}},"2":{"start":{"line":19,"column":38},"end":{"line":22,"column":7}},"3":{"start":{"line":27,"column":2},"end":{"line":32,"column":3}},"4":{"start":{"line":28,"column":4},"end":{"line":31,"column":7}},"5":{"start":{"line":35,"column":2},"end":{"line":40,"column":3}},"6":{"start":{"line":36,"column":4},"end":{"line":39,"column":7}},"7":{"start":{"line":43,"column":2},"end":{"line":54,"column":3}},"8":{"start":{"line":44,"column":18},"end":{"line":44,"column":65}},"9":{"start":{"line":46,"column":6},"end":{"line":48,"column":63}},"10":{"start":{"line":50,"column":4},"end":{"line":53,"column":7}},"11":{"start":{"line":57,"column":16},"end":{"line":57,"column":47}},"12":{"start":{"line":59,"column":2},"end":{"line":59,"column":64}},"13":{"start":{"line":61,"column":2},"end":{"line":65,"column":5}}},"fnMap":{"0":{"name":"errorHandler","decl":{"start":{"line":13,"column":16},"end":{"line":13,"column":28}},"loc":{"start":{"line":13,"column":50},"end":{"line":66,"column":1}},"line":13},"1":{"name":"(anonymous_1)","decl":{"start":{"line":19,"column":30},"end":{"line":19,"column":31}},"loc":{"start":{"line":19,"column":38},"end":{"line":22,"column":7}},"line":19}},"branchMap":{"0":{"loc":{"start":{"line":15,"column":2},"end":{"line":24,"column":3}},"type":"if","locations":[{"start":{"line":15,"column":2},"end":{"line":24,"column":3}},{"start":{},"end":{}}],"line":15},"1":{"loc":{"start":{"line":20,"column":15},"end":{"line":20,"column":78}},"type":"cond-expr","locations":[{"start":{"line":20,"column":39},"end":{"line":20,"column":55}},{"start":{"line":20,"column":58},"end":{"line":20,"column":78}}],"line":20},"2":{"loc":{"start":{"line":20,"column":65},"end":{"line":20,"column":77}},"type":"binary-expr","locations":[{"start":{"line":20,"column":65},"end":{"line":20,"column":71}},{"start":{"line":20,"column":75},"end":{"line":20,"column":77}}],"line":20},"3":{"loc":{"start":{"line":27,"column":2},"end":{"line":32,"column":3}},"type":"if","locations":[{"start":{"line":27,"column":2},"end":{"line":32,"column":3}},{"start":{},"end":{}}],"line":27},"4":{"loc":{"start":{"line":35,"column":2},"end":{"line":40,"column":3}},"type":"if","locations":[{"start":{"line":35,"column":2},"end":{"line":40,"column":3}},{"start":{},"end":{}}],"line":35},"5":{"loc":{"start":{"line":43,"column":2},"end":{"line":54,"column":3}},"type":"if","locations":[{"start":{"line":43,"column":2},"end":{"line":54,"column":3}},{"start":{},"end":{}}],"line":43},"6":{"loc":{"start":{"line":44,"column":18},"end":{"line":44,"column":65}},"type":"binary-expr","locations":[{"start":{"line":44,"column":18},"end":{"line":44,"column":54}},{"start":{"line":44,"column":58},"end":{"line":44,"column":65}}],"line":44},"7":{"loc":{"start":{"line":44,"column":30},"end":{"line":44,"column":50}},"type":"binary-expr","locations":[{"start":{"line":44,"column":30},"end":{"line":44,"column":44}},{"start":{"line":44,"column":48},"end":{"line":44,"column":50}}],"line":44},"8":{"loc":{"start":{"line":46,"column":6},"end":{"line":48,"column":63}},"type":"cond-expr","locations":[{"start":{"line":47,"column":10},"end":{"line":47,"column":58}},{"start":{"line":48,"column":10},"end":{"line":48,"column":63}}],"line":46},"9":{"loc":{"start":{"line":64,"column":8},"end":{"line":64,"column":57}},"type":"binary-expr","locations":[{"start":{"line":64,"column":8},"end":{"line":64,"column":13}},{"start":{"line":64,"column":17},"end":{"line":64,"column":57}}],"line":64}},"s":{"0":5,"1":1,"2":1,"3":4,"4":1,"5":3,"6":2,"7":1,"8":0,"9":0,"10":0,"11":1,"12":1,"13":1},"f":{"0":5,"1":1},"b":{"0":[1,4],"1":[1,0],"2":[0,0],"3":[1,3],"4":[2,1],"5":[0,1],"6":[0,0],"7":[0,0],"8":[0,0],"9":[1,1]},"inputSourceMap":null,"_coverageSchema":"1a1c01bbd47fc00a2c39e90264f33305004495a9","hash":"6fd389bfeff4a83a58a49705caeb862816b17b39"}
,"C:\\Users\\Hello\\Desktop\\Retirement Party Guest ManagementSystem\\retirement-party-registration-service\\src\\repositories\\guest.repository.js": {"path":"C:\\Users\\Hello\\Desktop\\Retirement Party Guest ManagementSystem\\retirement-party-registration-service\\src\\repositories\\guest.repository.js","statementMap":{"0":{"start":{"line":4,"column":19},"end":{"line":4,"column":27}},"1":{"start":{"line":11,"column":13},"end":{"line":11,"column":20}},"2":{"start":{"line":12,"column":14},"end":{"line":12,"column":39}},"3":{"start":{"line":15,"column":2},"end":{"line":18,"column":4}},"4":{"start":{"line":21,"column":2},"end":{"line":28,"column":4}},"5":{"start":{"line":31,"column":2},"end":{"line":31,"column":99}},"6":{"start":{"line":40,"column":13},"end":{"line":40,"column":20}},"7":{"start":{"line":41,"column":14},"end":{"line":41,"column":39}},"8":{"start":{"line":43,"column":14},"end":{"line":46,"column":3}},"9":{"start":{"line":48,"column":17},"end":{"line":48,"column":41}},"10":{"start":{"line":49,"column":2},"end":{"line":49,"column":44}},"11":{"start":{"line":58,"column":13},"end":{"line":58,"column":20}},"12":{"start":{"line":59,"column":2},"end":{"line":59,"column":54}},"13":{"start":{"line":68,"column":13},"end":{"line":68,"column":20}},"14":{"start":{"line":69,"column":2},"end":{"line":69,"column":67}},"15":{"start":{"line":78,"column":13},"end":{"line":78,"column":20}},"16":{"start":{"line":79,"column":2},"end":{"line":79,"column":70}},"17":{"start":{"line":88,"column":13},"end":{"line":88,"column":20}},"18":{"start":{"line":89,"column":16},"end":{"line":91,"column":57}},"19":{"start":{"line":92,"column":2},"end":{"line":92,"column":19}}},"fnMap":{"0":{"name":"ensureIndexes","decl":{"start":{"line":10,"column":22},"end":{"line":10,"column":35}},"loc":{"start":{"line":10,"column":38},"end":{"line":32,"column":1}},"line":10},"1":{"name":"insertGuest","decl":{"start":{"line":39,"column":22},"end":{"line":39,"column":33}},"loc":{"start":{"line":39,"column":45},"end":{"line":50,"column":1}},"line":39},"2":{"name":"findByPhone","decl":{"start":{"line":57,"column":22},"end":{"line":57,"column":33}},"loc":{"start":{"line":57,"column":41},"end":{"line":60,"column":1}},"line":57},"3":{"name":"findByConfirmationNumber","decl":{"start":{"line":67,"column":22},"end":{"line":67,"column":46}},"loc":{"start":{"line":67,"column":67},"end":{"line":70,"column":1}},"line":67},"4":{"name":"findById","decl":{"start":{"line":77,"column":22},"end":{"line":77,"column":30}},"loc":{"start":{"line":77,"column":35},"end":{"line":80,"column":1}},"line":77},"5":{"name":"existsByConfirmationNumber","decl":{"start":{"line":87,"column":22},"end":{"line":87,"column":48}},"loc":{"start":{"line":87,"column":69},"end":{"line":93,"column":1}},"line":87}},"branchMap":{},"s":{"0":1,"1":1,"2":1,"3":1,"4":1,"5":1,"6":1,"7":1,"8":1,"9":1,"10":1,"11":1,"12":1,"13":1,"14":1,"15":1,"16":1,"17":2,"18":2,"19":2},"f":{"0":1,"1":1,"2":1,"3":1,"4":1,"5":2},"b":{},"inputSourceMap":null,"_coverageSchema":"1a1c01bbd47fc00a2c39e90264f33305004495a9","hash":"08b96a2e9edd44cb2eaef11092f839fa89d8b659"}
,"C:\\Users\\Hello\\Desktop\\Retirement Party Guest ManagementSystem\\retirement-party-registration-service\\src\\routes\\registration.routes.js": {"path":"C:\\Users\\Hello\\Desktop\\Retirement Party Guest ManagementSystem\\retirement-party-registration-service\\src\\routes\\registration.routes.js","statementMap":{"0":{"start":{"line":9,"column":15},"end":{"line":9,"column":23}},"1":{"start":{"line":12,"column":0},"end":{"line":12,"column":35}},"2":{"start":{"line":15,"column":0},"end":{"line":15,"column":40}},"3":{"start":{"line":18,"column":0},"end":{"line":18,"column":87}},"4":{"start":{"line":21,"column":0},"end":{"line":21,"column":45}}},"fnMap":{},"branchMap":{},"s":{"0":1,"1":1,"2":1,"3":1,"4":1},"f":{},"b":{},"inputSourceMap":null,"_coverageSchema":"1a1c01bbd47fc00a2c39e90264f33305004495a9","hash":"f7696907798a7d724b744747a15b7b94fcc65d9f"}
,"C:\\Users\\Hello\\Desktop\\Retirement Party Guest ManagementSystem\\retirement-party-registration-service\\src\\services\\registration.service.js": {"path":"C:\\Users\\Hello\\Desktop\\Retirement Party Guest ManagementSystem\\retirement-party-registration-service\\src\\services\\registration.service.js","statementMap":{"0":{"start":{"line":18,"column":17},"end":{"line":18,"column":54}},"1":{"start":{"line":19,"column":2},"end":{"line":24,"column":3}},"2":{"start":{"line":20,"column":16},"end":{"line":20,"column":46}},"3":{"start":{"line":21,"column":4},"end":{"line":21,"column":34}},"4":{"start":{"line":22,"column":4},"end":{"line":22,"column":60}},"5":{"start":{"line":23,"column":4},"end":{"line":23,"column":14}},"6":{"start":{"line":26,"column":81},"end":{"line":26,"column":92}},"7":{"start":{"line":29,"column":19},"end":{"line":29,"column":59}},"8":{"start":{"line":30,"column":2},"end":{"line":34,"column":3}},"9":{"start":{"line":31,"column":16},"end":{"line":31,"column":75}},"10":{"start":{"line":32,"column":4},"end":{"line":32,"column":33}},"11":{"start":{"line":33,"column":4},"end":{"line":33,"column":14}},"12":{"start":{"line":37,"column":27},"end":{"line":37,"column":36}},"13":{"start":{"line":40,"column":2},"end":{"line":63,"column":3}},"14":{"start":{"line":42,"column":4},"end":{"line":42,"column":81}},"15":{"start":{"line":44,"column":4},"end":{"line":52,"column":6}},"16":{"start":{"line":54,"column":4},"end":{"line":62,"column":6}},"17":{"start":{"line":66,"column":19},"end":{"line":66,"column":62}},"18":{"start":{"line":69,"column":2},"end":{"line":69,"column":31}},"19":{"start":{"line":80,"column":16},"end":{"line":80,"column":82}},"20":{"start":{"line":81,"column":2},"end":{"line":85,"column":3}},"21":{"start":{"line":82,"column":16},"end":{"line":82,"column":91}},"22":{"start":{"line":83,"column":4},"end":{"line":83,"column":27}},"23":{"start":{"line":84,"column":4},"end":{"line":84,"column":14}},"24":{"start":{"line":86,"column":2},"end":{"line":86,"column":28}},"25":{"start":{"line":97,"column":16},"end":{"line":97,"column":50}},"26":{"start":{"line":98,"column":2},"end":{"line":102,"column":3}},"27":{"start":{"line":99,"column":16},"end":{"line":99,"column":58}},"28":{"start":{"line":100,"column":4},"end":{"line":100,"column":27}},"29":{"start":{"line":101,"column":4},"end":{"line":101,"column":14}},"30":{"start":{"line":103,"column":2},"end":{"line":103,"column":28}},"31":{"start":{"line":111,"column":27},"end":{"line":111,"column":30}},"32":{"start":{"line":112,"column":20},"end":{"line":115,"column":3}},"33":{"start":{"line":118,"column":2},"end":{"line":120,"column":3}},"34":{"start":{"line":119,"column":4},"end":{"line":119,"column":40}},"35":{"start":{"line":122,"column":2},"end":{"line":122,"column":19}}},"fnMap":{"0":{"name":"registerGuest","decl":{"start":{"line":16,"column":22},"end":{"line":16,"column":35}},"loc":{"start":{"line":16,"column":45},"end":{"line":70,"column":1}},"line":16},"1":{"name":"getGuestByConfirmationNumber","decl":{"start":{"line":79,"column":22},"end":{"line":79,"column":50}},"loc":{"start":{"line":79,"column":71},"end":{"line":87,"column":1}},"line":79},"2":{"name":"getGuestById","decl":{"start":{"line":96,"column":22},"end":{"line":96,"column":34}},"loc":{"start":{"line":96,"column":39},"end":{"line":104,"column":1}},"line":96},"3":{"name":"formatGuest","decl":{"start":{"line":110,"column":9},"end":{"line":110,"column":20}},"loc":{"start":{"line":110,"column":26},"end":{"line":123,"column":1}},"line":110}},"branchMap":{"0":{"loc":{"start":{"line":19,"column":2},"end":{"line":24,"column":3}},"type":"if","locations":[{"start":{"line":19,"column":2},"end":{"line":24,"column":3}},{"start":{},"end":{}}],"line":19},"1":{"loc":{"start":{"line":22,"column":17},"end":{"line":22,"column":59}},"type":"binary-expr","locations":[{"start":{"line":22,"column":17},"end":{"line":22,"column":36}},{"start":{"line":22,"column":40},"end":{"line":22,"column":59}}],"line":22},"2":{"loc":{"start":{"line":30,"column":2},"end":{"line":34,"column":3}},"type":"if","locations":[{"start":{"line":30,"column":2},"end":{"line":34,"column":3}},{"start":{},"end":{}}],"line":30},"3":{"loc":{"start":{"line":40,"column":2},"end":{"line":63,"column":3}},"type":"if","locations":[{"start":{"line":40,"column":2},"end":{"line":63,"column":3}},{"start":{"line":53,"column":9},"end":{"line":63,"column":3}}],"line":40},"4":{"loc":{"start":{"line":50,"column":21},"end":{"line":50,"column":40}},"type":"binary-expr","locations":[{"start":{"line":50,"column":21},"end":{"line":50,"column":34}},{"start":{"line":50,"column":38},"end":{"line":50,"column":40}}],"line":50},"5":{"loc":{"start":{"line":81,"column":2},"end":{"line":85,"column":3}},"type":"if","locations":[{"start":{"line":81,"column":2},"end":{"line":85,"column":3}},{"start":{},"end":{}}],"line":81},"6":{"loc":{"start":{"line":98,"column":2},"end":{"line":102,"column":3}},"type":"if","locations":[{"start":{"line":98,"column":2},"end":{"line":102,"column":3}},{"start":{},"end":{}}],"line":98},"7":{"loc":{"start":{"line":118,"column":2},"end":{"line":120,"column":3}},"type":"if","locations":[{"start":{"line":118,"column":2},"end":{"line":120,"column":3}},{"start":{},"end":{}}],"line":118}},"s":{"0":5,"1":5,"2":2,"3":2,"4":2,"5":2,"6":3,"7":3,"8":3,"9":1,"10":1,"11":1,"12":2,"13":2,"14":1,"15":1,"16":1,"17":2,"18":2,"19":2,"20":2,"21":1,"22":1,"23":1,"24":1,"25":2,"26":2,"27":1,"28":1,"29":1,"30":1,"31":4,"32":4,"33":4,"34":2,"35":4},"f":{"0":5,"1":2,"2":2,"3":4},"b":{"0":[2,3],"1":[2,0],"2":[1,2],"3":[1,1],"4":[1,0],"5":[1,1],"6":[1,1],"7":[2,2]},"inputSourceMap":null,"_coverageSchema":"1a1c01bbd47fc00a2c39e90264f33305004495a9","hash":"2817a4eed5825fcbc264fa5857e6114855822fdb"}
,"C:\\Users\\Hello\\Desktop\\Retirement Party Guest ManagementSystem\\retirement-party-registration-service\\src\\utils\\confirmation-number.js": {"path":"C:\\Users\\Hello\\Desktop\\Retirement Party Guest ManagementSystem\\retirement-party-registration-service\\src\\utils\\confirmation-number.js","statementMap":{"0":{"start":{"line":3,"column":20},"end":{"line":3,"column":22}},"1":{"start":{"line":10,"column":12},"end":{"line":10,"column":45}},"2":{"start":{"line":11,"column":2},"end":{"line":11,"column":36}},"3":{"start":{"line":22,"column":2},"end":{"line":38,"column":3}},"4":{"start":{"line":22,"column":21},"end":{"line":22,"column":22}},"5":{"start":{"line":23,"column":17},"end":{"line":23,"column":39}},"6":{"start":{"line":26,"column":17},"end":{"line":26,"column":22}},"7":{"start":{"line":27,"column":4},"end":{"line":33,"column":5}},"8":{"start":{"line":28,"column":6},"end":{"line":28,"column":70}},"9":{"start":{"line":30,"column":17},"end":{"line":30,"column":24}},"10":{"start":{"line":31,"column":20},"end":{"line":31,"column":87}},"11":{"start":{"line":32,"column":6},"end":{"line":32,"column":23}},"12":{"start":{"line":35,"column":4},"end":{"line":37,"column":5}},"13":{"start":{"line":36,"column":6},"end":{"line":36,"column":18}},"14":{"start":{"line":40,"column":2},"end":{"line":42,"column":4}}},"fnMap":{"0":{"name":"generateRandom4Digit","decl":{"start":{"line":9,"column":9},"end":{"line":9,"column":29}},"loc":{"start":{"line":9,"column":32},"end":{"line":12,"column":1}},"line":9},"1":{"name":"generateUniqueConfirmationNumber","decl":{"start":{"line":21,"column":22},"end":{"line":21,"column":54}},"loc":{"start":{"line":21,"column":72},"end":{"line":43,"column":1}},"line":21}},"branchMap":{"0":{"loc":{"start":{"line":27,"column":4},"end":{"line":33,"column":5}},"type":"if","locations":[{"start":{"line":27,"column":4},"end":{"line":33,"column":5}},{"start":{"line":29,"column":11},"end":{"line":33,"column":5}}],"line":27},"1":{"loc":{"start":{"line":35,"column":4},"end":{"line":37,"column":5}},"type":"if","locations":[{"start":{"line":35,"column":4},"end":{"line":37,"column":5}},{"start":{},"end":{}}],"line":35}},"s":{"0":1,"1":35,"2":35,"3":23,"4":23,"5":35,"6":35,"7":35,"8":35,"9":0,"10":0,"11":0,"12":35,"13":22,"14":1},"f":{"0":35,"1":23},"b":{"0":[35,0],"1":[22,13]},"inputSourceMap":null,"_coverageSchema":"1a1c01bbd47fc00a2c39e90264f33305004495a9","hash":"1ec04de7e4b77fba75674f29204d16fd5da2bcc7"}
,"C:\\Users\\Hello\\Desktop\\Retirement Party Guest ManagementSystem\\retirement-party-registration-service\\src\\validators\\registration.validator.js": {"path":"C:\\Users\\Hello\\Desktop\\Retirement Party Guest ManagementSystem\\retirement-party-registration-service\\src\\validators\\registration.validator.js","statementMap":{"0":{"start":{"line":4,"column":27},"end":{"line":4,"column":53}},"1":{"start":{"line":7,"column":27},"end":{"line":14,"column":2}},"2":{"start":{"line":25,"column":34},"end":{"line":82,"column":4}},"3":{"start":{"line":51,"column":4},"end":{"line":80,"column":5}},"4":{"start":{"line":53,"column":6},"end":{"line":59,"column":7}},"5":{"start":{"line":54,"column":8},"end":{"line":58,"column":11}},"6":{"start":{"line":61,"column":6},"end":{"line":67,"column":7}},"7":{"start":{"line":62,"column":8},"end":{"line":66,"column":11}},"8":{"start":{"line":69,"column":20},"end":{"line":69,"column":41}},"9":{"start":{"line":70,"column":35},"end":{"line":70,"column":44}},"10":{"start":{"line":71,"column":22},"end":{"line":71,"column":46}},"11":{"start":{"line":73,"column":6},"end":{"line":79,"column":7}},"12":{"start":{"line":74,"column":8},"end":{"line":78,"column":11}},"13":{"start":{"line":85,"column":45},"end":{"line":89,"column":2}},"14":{"start":{"line":92,"column":29},"end":{"line":96,"column":2}}},"fnMap":{"0":{"name":"(anonymous_0)","decl":{"start":{"line":50,"column":15},"end":{"line":50,"column":16}},"loc":{"start":{"line":50,"column":30},"end":{"line":82,"column":3}},"line":50}},"branchMap":{"0":{"loc":{"start":{"line":51,"column":4},"end":{"line":80,"column":5}},"type":"if","locations":[{"start":{"line":51,"column":4},"end":{"line":80,"column":5}},{"start":{},"end":{}}],"line":51},"1":{"loc":{"start":{"line":53,"column":6},"end":{"line":59,"column":7}},"type":"if","locations":[{"start":{"line":53,"column":6},"end":{"line":59,"column":7}},{"start":{},"end":{}}],"line":53},"2":{"loc":{"start":{"line":53,"column":10},"end":{"line":53,"column":69}},"type":"binary-expr","locations":[{"start":{"line":53,"column":10},"end":{"line":53,"column":40}},{"start":{"line":53,"column":44},"end":{"line":53,"column":69}}],"line":53},"3":{"loc":{"start":{"line":61,"column":6},"end":{"line":67,"column":7}},"type":"if","locations":[{"start":{"line":61,"column":6},"end":{"line":67,"column":7}},{"start":{},"end":{}}],"line":61},"4":{"loc":{"start":{"line":69,"column":20},"end":{"line":69,"column":41}},"type":"binary-expr","locations":[{"start":{"line":69,"column":20},"end":{"line":69,"column":36}},{"start":{"line":69,"column":40},"end":{"line":69,"column":41}}],"line":69},"5":{"loc":{"start":{"line":71,"column":22},"end":{"line":71,"column":46}},"type":"binary-expr","locations":[{"start":{"line":71,"column":22},"end":{"line":71,"column":40}},{"start":{"line":71,"column":44},"end":{"line":71,"column":46}}],"line":71},"6":{"loc":{"start":{"line":73,"column":6},"end":{"line":79,"column":7}},"type":"if","locations":[{"start":{"line":73,"column":6},"end":{"line":79,"column":7}},{"start":{},"end":{}}],"line":73},"7":{"loc":{"start":{"line":77,"column":81},"end":{"line":77,"column":121}},"type":"cond-expr","locations":[{"start":{"line":77,"column":110},"end":{"line":77,"column":113}},{"start":{"line":77,"column":116},"end":{"line":77,"column":121}}],"line":77}},"s":{"0":3,"1":3,"2":3,"3":15,"4":7,"5":0,"6":7,"7":2,"8":7,"9":7,"10":7,"11":7,"12":1,"13":3,"14":3},"f":{"0":15},"b":{"0":[7,8],"1":[0,7],"2":[7,7],"3":[2,5],"4":[7,0],"5":[7,0],"6":[1,6],"7":[0,1]},"inputSourceMap":null,"_coverageSchema":"1a1c01bbd47fc00a2c39e90264f33305004495a9","hash":"7d769d4cc9c7ba8897658f0d52ba1f716c7f3cab"}
}
