TN:
SF:src\app.js
FN:16,(anonymous_0)
FN:18,(anonymous_1)
FN:28,(anonymous_2)
FN:41,(anonymous_3)
FNF:4
FNH:3
FNDA:13,(anonymous_0)
FNDA:13,(anonymous_1)
FNDA:0,(anonymous_2)
FNDA:1,(anonymous_3)
DA:6,1
DA:9,1
DA:12,1
DA:13,1
DA:16,1
DA:17,13
DA:18,13
DA:19,13
DA:20,13
DA:24,13
DA:28,1
DA:29,0
DA:38,1
DA:41,1
DA:42,1
DA:49,1
LF:16
LH:15
BRF:0
BRH:0
end_of_record
TN:
SF:src\config\database.js
FN:10,connectDB
FN:31,getDb
FN:41,setDb
FN:48,closeDB
FNF:4
FNH:0
FNDA:0,connectDB
FNDA:0,getDb
FNDA:0,setDb
FNDA:0,closeDB
DA:4,1
DA:5,1
DA:11,0
DA:13,0
DA:21,0
DA:22,0
DA:24,0
DA:32,0
DA:33,0
DA:35,0
DA:42,0
DA:49,0
DA:50,0
DA:51,0
DA:52,0
LF:15
LH:2
BRDA:11,0,0,0
BRDA:11,0,1,0
BRDA:11,1,0,0
BRDA:11,1,1,0
BRDA:32,2,0,0
BRDA:32,2,1,0
BRDA:49,3,0,0
BRDA:49,3,1,0
BRF:8
BRH:0
end_of_record
TN:
SF:src\controllers\registration.controller.js
FN:8,register
FN:25,getByConfirmationNumber
FN:33,(anonymous_2)
FN:51,getById
FN:75,healthCheck
FNF:5
FNH:5
FNDA:5,register
FNDA:3,getByConfirmationNumber
FNDA:1,(anonymous_2)
FNDA:3,getById
FNDA:1,healthCheck
DA:9,5
DA:10,5
DA:12,2
DA:18,3
DA:26,3
DA:28,3
DA:29,3
DA:30,1
DA:33,1
DA:37,2
DA:39,1
DA:44,1
DA:52,3
DA:54,3
DA:55,1
DA:61,2
DA:63,1
DA:68,1
DA:76,1
LF:19
LH:19
BRDA:29,0,0,1
BRDA:29,0,1,2
BRDA:33,1,0,1
BRDA:33,1,1,0
BRDA:33,1,2,0
BRDA:54,2,0,1
BRDA:54,2,1,2
BRF:7
BRH:5
end_of_record
TN:
SF:src\middleware\error-handler.js
FN:13,errorHandler
FN:19,(anonymous_1)
FNF:2
FNH:2
FNDA:5,errorHandler
FNDA:1,(anonymous_1)
DA:15,5
DA:16,1
DA:19,1
DA:27,4
DA:28,1
DA:35,3
DA:36,2
DA:43,1
DA:44,0
DA:46,0
DA:50,0
DA:57,1
DA:59,1
DA:61,1
LF:14
LH:11
BRDA:15,0,0,1
BRDA:15,0,1,4
BRDA:20,1,0,1
BRDA:20,1,1,0
BRDA:20,2,0,0
BRDA:20,2,1,0
BRDA:27,3,0,1
BRDA:27,3,1,3
BRDA:35,4,0,2
BRDA:35,4,1,1
BRDA:43,5,0,0
BRDA:43,5,1,1
BRDA:44,6,0,0
BRDA:44,6,1,0
BRDA:44,7,0,0
BRDA:44,7,1,0
BRDA:46,8,0,0
BRDA:46,8,1,0
BRDA:64,9,0,1
BRDA:64,9,1,1
BRF:20
BRH:10
end_of_record
TN:
SF:src\repositories\guest.repository.js
FN:10,ensureIndexes
FN:39,insertGuest
FN:57,findByPhone
FN:67,findByConfirmationNumber
FN:77,findById
FN:87,existsByConfirmationNumber
FNF:6
FNH:6
FNDA:1,ensureIndexes
FNDA:1,insertGuest
FNDA:1,findByPhone
FNDA:1,findByConfirmationNumber
FNDA:1,findById
FNDA:2,existsByConfirmationNumber
DA:4,1
DA:11,1
DA:12,1
DA:15,1
DA:21,1
DA:31,1
DA:40,1
DA:41,1
DA:43,1
DA:48,1
DA:49,1
DA:58,1
DA:59,1
DA:68,1
DA:69,1
DA:78,1
DA:79,1
DA:88,2
DA:89,2
DA:92,2
LF:20
LH:20
BRF:0
BRH:0
end_of_record
TN:
SF:src\routes\registration.routes.js
FNF:0
FNH:0
DA:9,1
DA:12,1
DA:15,1
DA:18,1
DA:21,1
LF:5
LH:5
BRF:0
BRH:0
end_of_record
TN:
SF:src\services\registration.service.js
FN:16,registerGuest
FN:79,getGuestByConfirmationNumber
FN:96,getGuestById
FN:110,formatGuest
FNF:4
FNH:4
FNDA:5,registerGuest
FNDA:2,getGuestByConfirmationNumber
FNDA:2,getGuestById
FNDA:4,formatGuest
DA:18,5
DA:19,5
DA:20,2
DA:21,2
DA:22,2
DA:23,2
DA:26,3
DA:29,3
DA:30,3
DA:31,1
DA:32,1
DA:33,1
DA:37,2
DA:40,2
DA:42,1
DA:44,1
DA:54,1
DA:66,2
DA:69,2
DA:80,2
DA:81,2
DA:82,1
DA:83,1
DA:84,1
DA:86,1
DA:97,2
DA:98,2
DA:99,1
DA:100,1
DA:101,1
DA:103,1
DA:111,4
DA:112,4
DA:118,4
DA:119,2
DA:122,4
LF:36
LH:36
BRDA:19,0,0,2
BRDA:19,0,1,3
BRDA:22,1,0,2
BRDA:22,1,1,0
BRDA:30,2,0,1
BRDA:30,2,1,2
BRDA:40,3,0,1
BRDA:40,3,1,1
BRDA:50,4,0,1
BRDA:50,4,1,0
BRDA:81,5,0,1
BRDA:81,5,1,1
BRDA:98,6,0,1
BRDA:98,6,1,1
BRDA:118,7,0,2
BRDA:118,7,1,2
BRF:16
BRH:14
end_of_record
TN:
SF:src\utils\confirmation-number.js
FN:9,generateRandom4Digit
FN:21,generateUniqueConfirmationNumber
FNF:2
FNH:2
FNDA:35,generateRandom4Digit
FNDA:23,generateUniqueConfirmationNumber
DA:3,1
DA:10,35
DA:11,35
DA:22,23
DA:23,35
DA:26,35
DA:27,35
DA:28,35
DA:30,0
DA:31,0
DA:32,0
DA:35,35
DA:36,22
DA:40,1
LF:14
LH:11
BRDA:27,0,0,35
BRDA:27,0,1,0
BRDA:35,1,0,22
BRDA:35,1,1,13
BRF:4
BRH:3
end_of_record
TN:
SF:src\validators\registration.validator.js
FN:50,(anonymous_0)
FNF:1
FNH:1
FNDA:15,(anonymous_0)
DA:4,3
DA:7,3
DA:25,3
DA:51,15
DA:53,7
DA:54,0
DA:61,7
DA:62,2
DA:69,7
DA:70,7
DA:71,7
DA:73,7
DA:74,1
DA:85,3
DA:92,3
LF:15
LH:14
BRDA:51,0,0,7
BRDA:51,0,1,8
BRDA:53,1,0,0
BRDA:53,1,1,7
BRDA:53,2,0,7
BRDA:53,2,1,7
BRDA:61,3,0,2
BRDA:61,3,1,5
BRDA:69,4,0,7
BRDA:69,4,1,0
BRDA:71,5,0,7
BRDA:71,5,1,0
BRDA:73,6,0,1
BRDA:73,6,1,6
BRDA:77,7,0,0
BRDA:77,7,1,1
BRF:16
BRH:12
end_of_record
